***BUSMASTER Ver 3.2.2***
***PROTOCOL CAN***
***NOTE: PLEASE DO NOT EDIT THIS DOCUMENT***
***[START LOGGING SESSION]***
***START DATE AND TIME 15:1:2019 13:13:26:24***
***HEX***
***SYSTEM MODE***
***START CHANNEL BAUD RATE***
***CHANNEL 1 - Kvaser - Kvaser Leaf Light v2 #0 (Channel 0), Serial Number- 0, Firmware- 0x00000187 0x00040004 - 250000 bps***
***END CHANNEL BAUD RATE***
***START DATABASE FILES***
***END DATABASE FILES***
***<Time><Tx/Rx><Channel><CAN ID><Type><DLC><DataBytes>***
13:13:26:0202 Rx 1 0x5601065 x 8 E4 16 BC DB 44 2A B1 15 
13:13:26:0202 Rx 1 0x5601066 x 8 DC 28 78 E9 D2 1B D6 21 
13:13:26:0212 Rx 1 0x5601069 x 8 E0 F7 F7 FF 39 00 84 C0 
13:13:26:0222 Rx 1 0x5601067 x 8 68 03 BD D7 C5 FC 77 CE 
13:13:41:9272 Rx 1 0x5601067 x 8 C9 01 A7 D7 17 FE 62 CE 
13:13:41:9302 Rx 1 0x5601065 x 8 39 17 53 DC C0 2A 5C 15 
13:13:41:9302 Rx 1 0x5601066 x 8 B2 28 58 E9 A6 1B 17 22 
13:13:41:9312 Rx 1 0x5601069 x 8 A5 F5 FC FF 35 00 D7 C0 
13:13:41:9322 Rx 1 0x5601067 x 8 C9 01 A7 D7 18 FE 62 CE 
13:13:41:9352 Rx 1 0x5601065 x 8 39 17 52 DC C0 2A 5B 15 
13:13:41:9352 Rx 1 0x5601066 x 8 B1 28 58 E9 A6 1B 17 22 
13:13:41:9362 Rx 1 0x5601069 x 8 A5 F5 FB FF 34 00 D7 C0 
***END DATE AND TIME 15:1:2019 13:13:41:984***
***[STOP LOGGING SESSION]***

